


ARM Macro Assembler    Page 1 


    1 00000000         ;
    2 00000000         ;
    3 00000000         ;   This sample code is developed by Fermi Lim(fermi.lim
                       @analog.com).
    4 00000000         ;   Date : 1/30/2015 
    5 00000000         ;   Feature : To access any internal registers of ADE795
                       3.
    6 00000000         ;   Written by Fermi Lim(Korean Name : JongSu Lim.
    7 00000000         ;
    8 00000000         ;
    9 00000000         
   10 00000000 00000400 
                       Stack_Size
                               EQU              0x00000400
   11 00000000         
   12 00000000                 AREA             STACK, NOINIT, READWRITE, ALIGN
=3
   13 00000000         Stack_Mem
                               SPACE            Stack_Size
   14 00000400         __initial_sp
   15 00000400         
   16 00000400         
   17 00000400 00000200 
                       Heap_Size
                               EQU              0x00000200
   18 00000400         
   19 00000400         
   20 00000400                 AREA             HEAP, NOINIT, READWRITE, ALIGN=
3
   21 00000000         __heap_base
   22 00000000         Heap_Mem
                               SPACE            Heap_Size
   23 00000200         __heap_limit
   24 00000200         
   25 00000200         
   26 00000200                 IMPORT           |Load$$RW_IRAM1$$Base| [WEAK]
   27 00000200         ;   In case of the Execution View : 
   28 00000200                 IMPORT           |Image$$RW_IRAM1$$Base| [WEAK]
   29 00000200                 IMPORT           |Image$$RW_IRAM1$$Length| [WEAK
]
   30 00000200         
   31 00000200                 IMPORT           |Image$$RW_IRAM1$$ZI$$Base| [WE
AK]
   32 00000200                 IMPORT           |Image$$RW_IRAM1$$ZI$$Length| [
WEAK]
   33 00000200         
   34 00000200                 PRESERVE8
   35 00000200                 THUMB
   36 00000200         
   37 00000200         ; Vector Table Mapped to Address 0 at Reset
   38 00000200                 area             RESET, DATA, READONLY
   39 00000000                 EXPORT           __Vectors
   40 00000000                 EXPORT           __Vectors_End
   41 00000000                 EXPORT           __Vectors_Size
   42 00000000         
   43 00000000 00000000 
                       __Vectors
                               DCD              __initial_sp ; Top of Stack
   44 00000004 00000000        DCD              Reset_Handler ; Reset Handler



ARM Macro Assembler    Page 2 


   45 00000008 00000000        DCD              NMI_Handler ; The NMI handler  
                                                                  
   46 0000000C 00000000        DCD              HardFault_Handler ; The hard fa
                                                            ult handler 
   47 00000010 00000000        DCD              MemManage_Handler ; The MPU fau
                                                            lt handler  
   48 00000014 00000000        DCD              BusFault_Handler ; The bus faul
                                                            t handler  
   49 00000018 00000000        DCD              UsageFault_Handler ; The usage 
                                                            fault handler
   50 0000001C 00000000        DCD              0           ; Reserved         
                                                                  
   51 00000020 00000000        DCD              0           ; Reserved         
                                                                  
   52 00000024 00000000        DCD              0           ; Reserved         
                                                                  
   53 00000028 00000000        DCD              0           ; Reserved         
                                                                  
   54 0000002C 00000000        DCD              SVC_Handler ; SVCall handler   
                                                                  
   55 00000030 00000000        DCD              DebugMon_Handler ; Debug monito
                                                            r handler  
   56 00000034 00000000        DCD              0           ; Reserved         
                                                                  
   57 00000038 00000000        DCD              PendSV_Handler ; The PendSV han
                                                            dler     
   58 0000003C 00000000        DCD              SysTick_Handler ; The SysTick h
                                                            andler    
   59 00000040         
   60 00000040 00000000        DCD              Wake_UpTimer_ISR ; Wake-up time
                                                            r     [0]
   61 00000044         ; External Interrupts :   
   62 00000044 00000000        DCD              External_ISR0 ; External Interr
                                                            upt 0 [1]
   63 00000048 00000000        DCD              External_ISR1 ; External Interr
                                                            upt 1  [2]
   64 0000004C 00000000        DCD              External_ISR2 ; External Interr
                                                            upt 2  [3]
   65 00000050 00000000        DCD              External_ISR3 ; External Interr
                                                            upt 3  [4]
   66 00000054 00000000        DCD              External_ISR4 ; External Interr
                                                            upt 4  [5]
   67 00000058 00000000        DCD              External_ISR5 ; External Interr
                                                            upt 5  [6]
   68 0000005C 00000000        DCD              External_ISR6 ; External Interr
                                                            upt 6  [7]
   69 00000060 00000000        DCD              External_ISR7 ; External Interr
                                                            upt 7  [8]
   70 00000064         ; Peripheral Interrupts :
   71 00000064 00000000        DCD              WatchDog_Timer_ISR 
                                                            ;            [9]
   72 00000068 00000000        DCD              0           ; Reserved       [1
                                                            0]
   73 0000006C 00000000        DCD              Timer0_ISR  ;                  
                                                                  [11]
   74 00000070 00000000        DCD              Timer1_ISR  ;                  
                                                                  [12]
   75 00000074 00000000        DCD              ADC0_ISR    ;                  
                                                                  [13]



ARM Macro Assembler    Page 3 


   76 00000078 00000000        DCD              ADC1_ISR    ;                  
                                                                  [14]
   77 0000007C 00000000        DCD              SINC2_ISR   ;                  
                                                                  [15]
   78 00000080 00000000        DCD              Flash_Ctrl_ISR ;               
                                                                     [16]
   79 00000084 00000000        DCD              UART_ISR    ;                  
                                                                  [17]
   80 00000088 00000000        DCD              SPI0_Int_Handler ; SPI 0       
                                                                           [18]
                                                            
   81 0000008C 00000000        DCD              SPI1_Int_Handler ; SPI 1       
                                                                           [19]
                                                            
   82 00000090 00000000        DCD              I2C0_Slave_Int_Handler ; I2C0 S
                                                            lave               
                                                              [20]
   83 00000094 00000000        DCD              I2C0_Master_Int_Handler ; I2C0 
                                                            Master             
                                                               [21]
   84 00000098 00000000        DCD              DMA_Err_Int_Handler ; DMA Error
                                                             interrupt        [
                                                            22]
   85 0000009C 00000000        DCD              DMA_SPI1_TX_Int_Handler ; DMA S
                                                            PI1 TX             
                                                               [23]
   86 000000A0 00000000        DCD              DMA_SPI1_RX_Int_Handler ; DMA S
                                                            PI1 RX             
                                                               [24]
   87 000000A4 00000000        DCD              DMA_UART_TX_Int_Handler ; DMA U
                                                            ART TX             
                                                               [25]
   88 000000A8 00000000        DCD              DMA_UART_RX_Int_Handler ; DMA U
                                                            ART RX             
                                                               [26]
   89 000000AC 00000000        DCD              DMA_I2C0_STX_Int_Handler ; DMA 
                                                            I2C0 Slave TX      
                                                                [27]
   90 000000B0 00000000        DCD              DMA_I2C0_SRX_Int_Handler ; DMA 
                                                            I2C0 Slave RX      
                                                                [28]
   91 000000B4 00000000        DCD              DMA_I2C0_MTX_Int_Handler ; DMA 
                                                            I2C0 Master TX     
                                                                [29]
   92 000000B8 00000000        DCD              DMA_I2C0_MRX_Int_Handler ; DMA 
                                                            I2C0 Master RX     
                                                                [30]
   93 000000BC 00000000        DCD              DMA_DAC_Out_Int_Handler ; DMA D
                                                            AC out             
                                                               [31]
   94 000000C0 00000000        DCD              DMA_ADC0_Int_Handler ; DMA ADC0
                                                                               
                                                            [32]
   95 000000C4 00000000        DCD              DMA_ADC1_Int_Handler ; DMA ADC1
                                                                               
                                                            [33]
   96 000000C8 00000000        DCD              DMA_SINC2_Int_Handler ; SINC2  
                                                                               
                                                             [34]



ARM Macro Assembler    Page 4 


   97 000000CC 00000000        DCD              PWMTRIP_Int_Handler ; PWMTRIP  
                                                                              [
                                                            35]
   98 000000D0 00000000        DCD              PWM0_Int_Handler ; PWM0        
                                                                           [36]
                                                            
   99 000000D4         
  100 000000D4         __Vectors_End
  101 000000D4         
  102 000000D4 000000D4 
                       __Vectors_Size
                               EQU              __Vectors_End - __Vectors
  103 000000D4         
  104 000000D4         
  105 000000D4                 AREA             |.text|, CODE, READONLY
  106 00000000         ; Reset handler
  107 00000000         Reset_Handler
                               PROC
  108 00000000                 EXPORT           Reset_Handler             [WEAK
]
  109 00000000                 IMPORT           __main
  110 00000000         
  111 00000000 F000 F802       BL               data_init
  112 00000004         
  113 00000004 4819            LDR              R0, =__main
  114 00000006 4700            BX               R0
  115 00000008         
  116 00000008         data_init
  117 00000008         ; 1. copy rw data to RAM & initialize zi region
  118 00000008 4675            MOV              r5, lr
  119 0000000A 4819            LDR              r0, =|Load$$RW_IRAM1$$Base|
  120 0000000C 4919            LDR              r1, =|Image$$RW_IRAM1$$Base|
  121 0000000E         
  122 0000000E 4288            CMP              r0, r1
  123 00000010 D004            BEQ              ram_zi_init
  124 00000012         
  125 00000012 460A            MOV              r2, r1
  126 00000014 4C18            LDR              r4, = |Image$$RW_IRAM1$$Length|
  127 00000016 4422            ADD              r2, r2, r4
  128 00000018 F000 F80A       BL               data_copy
  129 0000001C         
  130 0000001C         ram_zi_init
  131 0000001C 4917            LDR              r1, = |Image$$RW_IRAM1$$ZI$$Bas
e|
  132 0000001E 460A            MOV              r2, r1
  133 00000020 4C17            LDR              r4, = |Image$$RW_IRAM1$$ZI$$Len
gth|
  134 00000022 4422            ADD              r2, r2, r4
  135 00000024         
  136 00000024 F04F 0300       MOV              r3, #0
  137 00000028 F000 F80A       BL               zi_init
  138 0000002C 46AE            MOV              lr, r5
  139 0000002E 4770            BX               LR
  140 00000030         data_copy
  141 00000030 4291            CMP              r1, r2
  142 00000032 BF3C F850 
              3B04             LDRCC            r3, [r0], #4
  143 00000038 F841 3B04       STRCC            r3, [r1], #4
  144 0000003C D3F8            BCC              data_copy



ARM Macro Assembler    Page 5 


  145 0000003E         
  146 0000003E 4770            BX               LR
  147 00000040         
  148 00000040         zi_init
  149 00000040 4291            CMP              r1, r2
  150 00000042 BF38 F841 
              3B04             STRCC            r3, [r1], #4
  151 00000048 D3FA            BCC              zi_init
  152 0000004A         
  153 0000004A 4770            BX               LR
  154 0000004C         
  155 0000004C                 ENDP
  156 0000004C         
  157 0000004C         ; Dummy Exception Handlers (infinite loops which can be 
                       modified)
  158 0000004C         
  159 0000004C         
  160 0000004C         NMI_Handler
                               PROC
  161 0000004C                 EXPORT           NMI_Handler                [WEA
K]
  162 0000004C E7FE            B                .
  163 0000004E                 ENDP
  165 0000004E         HardFault_Handler
                               PROC
  166 0000004E                 EXPORT           HardFault_Handler          [WEA
K]
  167 0000004E E7FE            B                .
  168 00000050                 ENDP
  170 00000050         MemManage_Handler
                               PROC
  171 00000050                 EXPORT           MemManage_Handler          [WEA
K]
  172 00000050 E7FE            B                .
  173 00000052                 ENDP
  175 00000052         BusFault_Handler
                               PROC
  176 00000052                 EXPORT           BusFault_Handler           [WEA
K]
  177 00000052 E7FE            B                .
  178 00000054                 ENDP
  180 00000054         UsageFault_Handler
                               PROC
  181 00000054                 EXPORT           UsageFault_Handler         [WEA
K]
  182 00000054 E7FE            B                .
  183 00000056                 ENDP
  184 00000056         SVC_Handler
                               PROC
  185 00000056                 EXPORT           SVC_Handler                [WEA
K]
  186 00000056 E7FE            B                .
  187 00000058                 ENDP
  189 00000058         DebugMon_Handler
                               PROC
  190 00000058                 EXPORT           DebugMon_Handler           [WEA
K]
  191 00000058 E7FE            B                .
  192 0000005A                 ENDP



ARM Macro Assembler    Page 6 


  193 0000005A         PendSV_Handler
                               PROC
  194 0000005A                 EXPORT           PendSV_Handler             [WEA
K]
  195 0000005A E7FE            B                .
  196 0000005C                 ENDP
  197 0000005C         SysTick_Handler
                               PROC
  198 0000005C                 EXPORT           SysTick_Handler            [WEA
K]
  199 0000005C E7FE            B                .
  200 0000005E                 ENDP
  201 0000005E         
  202 0000005E         Default_Handler
                               PROC
  203 0000005E         
  204 0000005E                 EXPORT           Wake_UpTimer_ISR  [WEAK]
  205 0000005E         ; External Interrupts :   
  206 0000005E                 EXPORT           External_ISR0   [WEAK]
  207 0000005E                 EXPORT           External_ISR1   [WEAK]
  208 0000005E                 EXPORT           External_ISR2   [WEAK]
  209 0000005E                 EXPORT           External_ISR3   [WEAK]
  210 0000005E                 EXPORT           External_ISR4   [WEAK]
  211 0000005E                 EXPORT           External_ISR5   [WEAK]
  212 0000005E                 EXPORT           External_ISR6   [WEAK]
  213 0000005E                 EXPORT           External_ISR7   [WEAK]
  214 0000005E         ; Peripheral Interrupts :
  215 0000005E                 EXPORT           WatchDog_Timer_ISR [WEAK]
  216 0000005E                 EXPORT           Timer0_ISR         [WEAK]
  217 0000005E                 EXPORT           Timer1_ISR         [WEAK]
  218 0000005E                 EXPORT           ADC0_ISR           [WEAK]
  219 0000005E                 EXPORT           ADC1_ISR           [WEAK]
  220 0000005E                 EXPORT           SINC2_ISR          [WEAK]
  221 0000005E                 EXPORT           Flash_Ctrl_ISR     [WEAK]
  222 0000005E                 EXPORT           UART_ISR           [WEAK]
  223 0000005E                 EXPORT           SPI0_Int_Handler            [WE
AK]
  224 0000005E                 EXPORT           SPI1_Int_Handler            [WE
AK]
  225 0000005E                 EXPORT           I2C0_Slave_Int_Handler      [WE
AK]
  226 0000005E                 EXPORT           I2C0_Master_Int_Handler     [WE
AK]
  227 0000005E                 EXPORT           DMA_Err_Int_Handler         [WE
AK]
  228 0000005E                 EXPORT           DMA_SPI1_TX_Int_Handler     [WE
AK]
  229 0000005E                 EXPORT           DMA_SPI1_RX_Int_Handler     [WE
AK]
  230 0000005E                 EXPORT           DMA_UART_TX_Int_Handler     [WE
AK]
  231 0000005E                 EXPORT           DMA_UART_RX_Int_Handler     [WE
AK]
  232 0000005E                 EXPORT           DMA_I2C0_STX_Int_Handler    [WE
AK]
  233 0000005E                 EXPORT           DMA_I2C0_SRX_Int_Handler    [WE
AK]
  234 0000005E                 EXPORT           DMA_I2C0_MTX_Int_Handler    [WE
AK]



ARM Macro Assembler    Page 7 


  235 0000005E                 EXPORT           DMA_I2C0_MRX_Int_Handler    [WE
AK]
  236 0000005E                 EXPORT           DMA_DAC_Out_Int_Handler     [WE
AK]
  237 0000005E                 EXPORT           DMA_ADC0_Int_Handler        [WE
AK]
  238 0000005E                 EXPORT           DMA_ADC1_Int_Handler        [WE
AK]
  239 0000005E                 EXPORT           DMA_SINC2_Int_Handler       [WE
AK]
  240 0000005E                 EXPORT           PWMTRIP_Int_Handler         [WE
AK]
  241 0000005E                 EXPORT           PWM0_Int_Handler            [WE
AK]
  242 0000005E         
  243 0000005E         
  244 0000005E         Wake_UpTimer_ISR
  245 0000005E         External_ISR0
  246 0000005E         External_ISR1
  247 0000005E         External_ISR2
  248 0000005E         External_ISR3
  249 0000005E         External_ISR4
  250 0000005E         External_ISR5
  251 0000005E         External_ISR6
  252 0000005E         External_ISR7
  253 0000005E         WatchDog_Timer_ISR
  254 0000005E         Timer0_ISR
  255 0000005E         Timer1_ISR
  256 0000005E         ADC0_ISR
  257 0000005E         ADC1_ISR
  258 0000005E         SINC2_ISR
  259 0000005E         Flash_Ctrl_ISR
  260 0000005E         UART_ISR
  261 0000005E         SPI0_Int_Handler
  262 0000005E         SPI1_Int_Handler
  263 0000005E         I2C0_Slave_Int_Handler
  264 0000005E         I2C0_Master_Int_Handler
  265 0000005E         DMA_Err_Int_Handler
  266 0000005E         DMA_SPI1_TX_Int_Handler
  267 0000005E         DMA_SPI1_RX_Int_Handler
  268 0000005E         DMA_UART_TX_Int_Handler
  269 0000005E         DMA_UART_RX_Int_Handler
  270 0000005E         DMA_I2C0_STX_Int_Handler
  271 0000005E         DMA_I2C0_SRX_Int_Handler
  272 0000005E         DMA_I2C0_MTX_Int_Handler
  273 0000005E         DMA_I2C0_MRX_Int_Handler
  274 0000005E         DMA_DAC_Out_Int_Handler
  275 0000005E         DMA_ADC0_Int_Handler
  276 0000005E         DMA_ADC1_Int_Handler
  277 0000005E         DMA_SINC2_Int_Handler
  278 0000005E         PWMTRIP_Int_Handler
  279 0000005E         PWM0_Int_Handler
  280 0000005E         
  281 0000005E         
  282 0000005E E7FE            B                .
  283 00000060         
  284 00000060                 ENDP
  285 00000060         
  286 00000060                 ALIGN



ARM Macro Assembler    Page 8 


  287 00000060         
  288 00000060         ;*******************************************************
                       ************************
  289 00000060         ; User Stack and Heap initialization
  290 00000060         ;*******************************************************
                       ************************
  291 00000060                 IF               :DEF:__MICROLIB
  298 00000060         
  299 00000060                 IMPORT           __use_two_region_memory
  300 00000060                 EXPORT           __user_initial_stackheap
  301 00000060         
  302 00000060         __user_initial_stackheap
  303 00000060         
  304 00000060 4808            LDR              R0, =  Heap_Mem
  305 00000062 4909            LDR              R1, =(Stack_Mem + Stack_Size)
  306 00000064 4A09            LDR              R2, = (Heap_Mem +  Heap_Size)
  307 00000066 4B0A            LDR              R3, = Stack_Mem
  308 00000068 4770            BX               LR
  309 0000006A         
  310 0000006A 00 00           ALIGN
  311 0000006C         
  312 0000006C                 ENDIF
  313 0000006C         
  314 0000006C                 END
              00000000 
              00000000 
              00000000 
              00000000 
              00000000 
              00000000 
              00000000 
              00000400 
              00000200 
              00000000 
Command Line: --debug --xref --cpu=Cortex-M3 --apcs=interwork --depend=.\debug\
aducm360startup.d -o.\debug\aducm360startup.o -IC:\Keil\ARM\RV31\INC -IC:\Keil\
ARM\CMSIS\Include -IC:\Keil\ARM\Inc\ADI --list=.\aducm360startup.lst ADuCM360St
artUp.s



ARM Macro Assembler    Page 1 Alphabetic symbol ordering
Relocatable symbols

STACK 00000000

Symbol: STACK
   Definitions
      At line 12 in file ADuCM360StartUp.s
   Uses
      None
Comment: STACK unused
Stack_Mem 00000000

Symbol: Stack_Mem
   Definitions
      At line 13 in file ADuCM360StartUp.s
   Uses
      At line 305 in file ADuCM360StartUp.s
      At line 307 in file ADuCM360StartUp.s

__initial_sp 00000400

Symbol: __initial_sp
   Definitions
      At line 14 in file ADuCM360StartUp.s
   Uses
      At line 43 in file ADuCM360StartUp.s
Comment: __initial_sp used once
3 symbols



ARM Macro Assembler    Page 1 Alphabetic symbol ordering
Relocatable symbols

HEAP 00000000

Symbol: HEAP
   Definitions
      At line 20 in file ADuCM360StartUp.s
   Uses
      None
Comment: HEAP unused
Heap_Mem 00000000

Symbol: Heap_Mem
   Definitions
      At line 22 in file ADuCM360StartUp.s
   Uses
      At line 304 in file ADuCM360StartUp.s
      At line 306 in file ADuCM360StartUp.s

__heap_base 00000000

Symbol: __heap_base
   Definitions
      At line 21 in file ADuCM360StartUp.s
   Uses
      None
Comment: __heap_base unused
__heap_limit 00000200

Symbol: __heap_limit
   Definitions
      At line 23 in file ADuCM360StartUp.s
   Uses
      None
Comment: __heap_limit unused
4 symbols



ARM Macro Assembler    Page 1 Alphabetic symbol ordering
Relocatable symbols

RESET 00000000

Symbol: RESET
   Definitions
      At line 38 in file ADuCM360StartUp.s
   Uses
      None
Comment: RESET unused
__Vectors 00000000

Symbol: __Vectors
   Definitions
      At line 43 in file ADuCM360StartUp.s
   Uses
      At line 39 in file ADuCM360StartUp.s
      At line 102 in file ADuCM360StartUp.s

__Vectors_End 000000D4

Symbol: __Vectors_End
   Definitions
      At line 100 in file ADuCM360StartUp.s
   Uses
      At line 40 in file ADuCM360StartUp.s
      At line 102 in file ADuCM360StartUp.s

3 symbols



ARM Macro Assembler    Page 1 Alphabetic symbol ordering
Relocatable symbols

.text 00000000

Symbol: .text
   Definitions
      At line 105 in file ADuCM360StartUp.s
   Uses
      None
Comment: .text unused
ADC0_ISR 0000005E

Symbol: ADC0_ISR
   Definitions
      At line 256 in file ADuCM360StartUp.s
   Uses
      At line 75 in file ADuCM360StartUp.s
      At line 218 in file ADuCM360StartUp.s

ADC1_ISR 0000005E

Symbol: ADC1_ISR
   Definitions
      At line 257 in file ADuCM360StartUp.s
   Uses
      At line 76 in file ADuCM360StartUp.s
      At line 219 in file ADuCM360StartUp.s

BusFault_Handler 00000052

Symbol: BusFault_Handler
   Definitions
      At line 175 in file ADuCM360StartUp.s
   Uses
      At line 48 in file ADuCM360StartUp.s
      At line 176 in file ADuCM360StartUp.s

DMA_ADC0_Int_Handler 0000005E

Symbol: DMA_ADC0_Int_Handler
   Definitions
      At line 275 in file ADuCM360StartUp.s
   Uses
      At line 94 in file ADuCM360StartUp.s
      At line 237 in file ADuCM360StartUp.s

DMA_ADC1_Int_Handler 0000005E

Symbol: DMA_ADC1_Int_Handler
   Definitions
      At line 276 in file ADuCM360StartUp.s
   Uses
      At line 95 in file ADuCM360StartUp.s
      At line 238 in file ADuCM360StartUp.s

DMA_DAC_Out_Int_Handler 0000005E

Symbol: DMA_DAC_Out_Int_Handler
   Definitions
      At line 274 in file ADuCM360StartUp.s
   Uses



ARM Macro Assembler    Page 2 Alphabetic symbol ordering
Relocatable symbols

      At line 93 in file ADuCM360StartUp.s
      At line 236 in file ADuCM360StartUp.s

DMA_Err_Int_Handler 0000005E

Symbol: DMA_Err_Int_Handler
   Definitions
      At line 265 in file ADuCM360StartUp.s
   Uses
      At line 84 in file ADuCM360StartUp.s
      At line 227 in file ADuCM360StartUp.s

DMA_I2C0_MRX_Int_Handler 0000005E

Symbol: DMA_I2C0_MRX_Int_Handler
   Definitions
      At line 273 in file ADuCM360StartUp.s
   Uses
      At line 92 in file ADuCM360StartUp.s
      At line 235 in file ADuCM360StartUp.s

DMA_I2C0_MTX_Int_Handler 0000005E

Symbol: DMA_I2C0_MTX_Int_Handler
   Definitions
      At line 272 in file ADuCM360StartUp.s
   Uses
      At line 91 in file ADuCM360StartUp.s
      At line 234 in file ADuCM360StartUp.s

DMA_I2C0_SRX_Int_Handler 0000005E

Symbol: DMA_I2C0_SRX_Int_Handler
   Definitions
      At line 271 in file ADuCM360StartUp.s
   Uses
      At line 90 in file ADuCM360StartUp.s
      At line 233 in file ADuCM360StartUp.s

DMA_I2C0_STX_Int_Handler 0000005E

Symbol: DMA_I2C0_STX_Int_Handler
   Definitions
      At line 270 in file ADuCM360StartUp.s
   Uses
      At line 89 in file ADuCM360StartUp.s
      At line 232 in file ADuCM360StartUp.s

DMA_SINC2_Int_Handler 0000005E

Symbol: DMA_SINC2_Int_Handler
   Definitions
      At line 277 in file ADuCM360StartUp.s
   Uses
      At line 96 in file ADuCM360StartUp.s
      At line 239 in file ADuCM360StartUp.s

DMA_SPI1_RX_Int_Handler 0000005E




ARM Macro Assembler    Page 3 Alphabetic symbol ordering
Relocatable symbols

Symbol: DMA_SPI1_RX_Int_Handler
   Definitions
      At line 267 in file ADuCM360StartUp.s
   Uses
      At line 86 in file ADuCM360StartUp.s
      At line 229 in file ADuCM360StartUp.s

DMA_SPI1_TX_Int_Handler 0000005E

Symbol: DMA_SPI1_TX_Int_Handler
   Definitions
      At line 266 in file ADuCM360StartUp.s
   Uses
      At line 85 in file ADuCM360StartUp.s
      At line 228 in file ADuCM360StartUp.s

DMA_UART_RX_Int_Handler 0000005E

Symbol: DMA_UART_RX_Int_Handler
   Definitions
      At line 269 in file ADuCM360StartUp.s
   Uses
      At line 88 in file ADuCM360StartUp.s
      At line 231 in file ADuCM360StartUp.s

DMA_UART_TX_Int_Handler 0000005E

Symbol: DMA_UART_TX_Int_Handler
   Definitions
      At line 268 in file ADuCM360StartUp.s
   Uses
      At line 87 in file ADuCM360StartUp.s
      At line 230 in file ADuCM360StartUp.s

DebugMon_Handler 00000058

Symbol: DebugMon_Handler
   Definitions
      At line 189 in file ADuCM360StartUp.s
   Uses
      At line 55 in file ADuCM360StartUp.s
      At line 190 in file ADuCM360StartUp.s

Default_Handler 0000005E

Symbol: Default_Handler
   Definitions
      At line 202 in file ADuCM360StartUp.s
   Uses
      None
Comment: Default_Handler unused
External_ISR0 0000005E

Symbol: External_ISR0
   Definitions
      At line 245 in file ADuCM360StartUp.s
   Uses
      At line 62 in file ADuCM360StartUp.s
      At line 206 in file ADuCM360StartUp.s



ARM Macro Assembler    Page 4 Alphabetic symbol ordering
Relocatable symbols


External_ISR1 0000005E

Symbol: External_ISR1
   Definitions
      At line 246 in file ADuCM360StartUp.s
   Uses
      At line 63 in file ADuCM360StartUp.s
      At line 207 in file ADuCM360StartUp.s

External_ISR2 0000005E

Symbol: External_ISR2
   Definitions
      At line 247 in file ADuCM360StartUp.s
   Uses
      At line 64 in file ADuCM360StartUp.s
      At line 208 in file ADuCM360StartUp.s

External_ISR3 0000005E

Symbol: External_ISR3
   Definitions
      At line 248 in file ADuCM360StartUp.s
   Uses
      At line 65 in file ADuCM360StartUp.s
      At line 209 in file ADuCM360StartUp.s

External_ISR4 0000005E

Symbol: External_ISR4
   Definitions
      At line 249 in file ADuCM360StartUp.s
   Uses
      At line 66 in file ADuCM360StartUp.s
      At line 210 in file ADuCM360StartUp.s

External_ISR5 0000005E

Symbol: External_ISR5
   Definitions
      At line 250 in file ADuCM360StartUp.s
   Uses
      At line 67 in file ADuCM360StartUp.s
      At line 211 in file ADuCM360StartUp.s

External_ISR6 0000005E

Symbol: External_ISR6
   Definitions
      At line 251 in file ADuCM360StartUp.s
   Uses
      At line 68 in file ADuCM360StartUp.s
      At line 212 in file ADuCM360StartUp.s

External_ISR7 0000005E

Symbol: External_ISR7
   Definitions



ARM Macro Assembler    Page 5 Alphabetic symbol ordering
Relocatable symbols

      At line 252 in file ADuCM360StartUp.s
   Uses
      At line 69 in file ADuCM360StartUp.s
      At line 213 in file ADuCM360StartUp.s

Flash_Ctrl_ISR 0000005E

Symbol: Flash_Ctrl_ISR
   Definitions
      At line 259 in file ADuCM360StartUp.s
   Uses
      At line 78 in file ADuCM360StartUp.s
      At line 221 in file ADuCM360StartUp.s

HardFault_Handler 0000004E

Symbol: HardFault_Handler
   Definitions
      At line 165 in file ADuCM360StartUp.s
   Uses
      At line 46 in file ADuCM360StartUp.s
      At line 166 in file ADuCM360StartUp.s

I2C0_Master_Int_Handler 0000005E

Symbol: I2C0_Master_Int_Handler
   Definitions
      At line 264 in file ADuCM360StartUp.s
   Uses
      At line 83 in file ADuCM360StartUp.s
      At line 226 in file ADuCM360StartUp.s

I2C0_Slave_Int_Handler 0000005E

Symbol: I2C0_Slave_Int_Handler
   Definitions
      At line 263 in file ADuCM360StartUp.s
   Uses
      At line 82 in file ADuCM360StartUp.s
      At line 225 in file ADuCM360StartUp.s

MemManage_Handler 00000050

Symbol: MemManage_Handler
   Definitions
      At line 170 in file ADuCM360StartUp.s
   Uses
      At line 47 in file ADuCM360StartUp.s
      At line 171 in file ADuCM360StartUp.s

NMI_Handler 0000004C

Symbol: NMI_Handler
   Definitions
      At line 160 in file ADuCM360StartUp.s
   Uses
      At line 45 in file ADuCM360StartUp.s
      At line 161 in file ADuCM360StartUp.s




ARM Macro Assembler    Page 6 Alphabetic symbol ordering
Relocatable symbols

PWM0_Int_Handler 0000005E

Symbol: PWM0_Int_Handler
   Definitions
      At line 279 in file ADuCM360StartUp.s
   Uses
      At line 98 in file ADuCM360StartUp.s
      At line 241 in file ADuCM360StartUp.s

PWMTRIP_Int_Handler 0000005E

Symbol: PWMTRIP_Int_Handler
   Definitions
      At line 278 in file ADuCM360StartUp.s
   Uses
      At line 97 in file ADuCM360StartUp.s
      At line 240 in file ADuCM360StartUp.s

PendSV_Handler 0000005A

Symbol: PendSV_Handler
   Definitions
      At line 193 in file ADuCM360StartUp.s
   Uses
      At line 57 in file ADuCM360StartUp.s
      At line 194 in file ADuCM360StartUp.s

Reset_Handler 00000000

Symbol: Reset_Handler
   Definitions
      At line 107 in file ADuCM360StartUp.s
   Uses
      At line 44 in file ADuCM360StartUp.s
      At line 108 in file ADuCM360StartUp.s

SINC2_ISR 0000005E

Symbol: SINC2_ISR
   Definitions
      At line 258 in file ADuCM360StartUp.s
   Uses
      At line 77 in file ADuCM360StartUp.s
      At line 220 in file ADuCM360StartUp.s

SPI0_Int_Handler 0000005E

Symbol: SPI0_Int_Handler
   Definitions
      At line 261 in file ADuCM360StartUp.s
   Uses
      At line 80 in file ADuCM360StartUp.s
      At line 223 in file ADuCM360StartUp.s

SPI1_Int_Handler 0000005E

Symbol: SPI1_Int_Handler
   Definitions
      At line 262 in file ADuCM360StartUp.s



ARM Macro Assembler    Page 7 Alphabetic symbol ordering
Relocatable symbols

   Uses
      At line 81 in file ADuCM360StartUp.s
      At line 224 in file ADuCM360StartUp.s

SVC_Handler 00000056

Symbol: SVC_Handler
   Definitions
      At line 184 in file ADuCM360StartUp.s
   Uses
      At line 54 in file ADuCM360StartUp.s
      At line 185 in file ADuCM360StartUp.s

SysTick_Handler 0000005C

Symbol: SysTick_Handler
   Definitions
      At line 197 in file ADuCM360StartUp.s
   Uses
      At line 58 in file ADuCM360StartUp.s
      At line 198 in file ADuCM360StartUp.s

Timer0_ISR 0000005E

Symbol: Timer0_ISR
   Definitions
      At line 254 in file ADuCM360StartUp.s
   Uses
      At line 73 in file ADuCM360StartUp.s
      At line 216 in file ADuCM360StartUp.s

Timer1_ISR 0000005E

Symbol: Timer1_ISR
   Definitions
      At line 255 in file ADuCM360StartUp.s
   Uses
      At line 74 in file ADuCM360StartUp.s
      At line 217 in file ADuCM360StartUp.s

UART_ISR 0000005E

Symbol: UART_ISR
   Definitions
      At line 260 in file ADuCM360StartUp.s
   Uses
      At line 79 in file ADuCM360StartUp.s
      At line 222 in file ADuCM360StartUp.s

UsageFault_Handler 00000054

Symbol: UsageFault_Handler
   Definitions
      At line 180 in file ADuCM360StartUp.s
   Uses
      At line 49 in file ADuCM360StartUp.s
      At line 181 in file ADuCM360StartUp.s

Wake_UpTimer_ISR 0000005E



ARM Macro Assembler    Page 8 Alphabetic symbol ordering
Relocatable symbols


Symbol: Wake_UpTimer_ISR
   Definitions
      At line 244 in file ADuCM360StartUp.s
   Uses
      At line 60 in file ADuCM360StartUp.s
      At line 204 in file ADuCM360StartUp.s

WatchDog_Timer_ISR 0000005E

Symbol: WatchDog_Timer_ISR
   Definitions
      At line 253 in file ADuCM360StartUp.s
   Uses
      At line 71 in file ADuCM360StartUp.s
      At line 215 in file ADuCM360StartUp.s

__user_initial_stackheap 00000060

Symbol: __user_initial_stackheap
   Definitions
      At line 302 in file ADuCM360StartUp.s
   Uses
      At line 300 in file ADuCM360StartUp.s
Comment: __user_initial_stackheap used once
data_copy 00000030

Symbol: data_copy
   Definitions
      At line 140 in file ADuCM360StartUp.s
   Uses
      At line 128 in file ADuCM360StartUp.s
      At line 144 in file ADuCM360StartUp.s

data_init 00000008

Symbol: data_init
   Definitions
      At line 116 in file ADuCM360StartUp.s
   Uses
      At line 111 in file ADuCM360StartUp.s
Comment: data_init used once
ram_zi_init 0000001C

Symbol: ram_zi_init
   Definitions
      At line 130 in file ADuCM360StartUp.s
   Uses
      At line 123 in file ADuCM360StartUp.s
Comment: ram_zi_init used once
zi_init 00000040

Symbol: zi_init
   Definitions
      At line 148 in file ADuCM360StartUp.s
   Uses
      At line 137 in file ADuCM360StartUp.s
      At line 151 in file ADuCM360StartUp.s




ARM Macro Assembler    Page 9 Alphabetic symbol ordering
Relocatable symbols

53 symbols



ARM Macro Assembler    Page 1 Alphabetic symbol ordering
Absolute symbols

Heap_Size 00000200

Symbol: Heap_Size
   Definitions
      At line 17 in file ADuCM360StartUp.s
   Uses
      At line 22 in file ADuCM360StartUp.s
      At line 306 in file ADuCM360StartUp.s

Stack_Size 00000400

Symbol: Stack_Size
   Definitions
      At line 10 in file ADuCM360StartUp.s
   Uses
      At line 13 in file ADuCM360StartUp.s
      At line 305 in file ADuCM360StartUp.s

__Vectors_Size 000000D4

Symbol: __Vectors_Size
   Definitions
      At line 102 in file ADuCM360StartUp.s
   Uses
      At line 41 in file ADuCM360StartUp.s
Comment: __Vectors_Size used once
3 symbols



ARM Macro Assembler    Page 1 Alphabetic symbol ordering
External symbols

Image$$RW_IRAM1$$Base 00000000

Symbol: Image$$RW_IRAM1$$Base
   Definitions
      At line 28 in file ADuCM360StartUp.s
   Uses
      At line 120 in file ADuCM360StartUp.s
Comment: Image$$RW_IRAM1$$Base used once
Image$$RW_IRAM1$$Length 00000000

Symbol: Image$$RW_IRAM1$$Length
   Definitions
      At line 29 in file ADuCM360StartUp.s
   Uses
      At line 126 in file ADuCM360StartUp.s
Comment: Image$$RW_IRAM1$$Length used once
Image$$RW_IRAM1$$ZI$$Base 00000000

Symbol: Image$$RW_IRAM1$$ZI$$Base
   Definitions
      At line 31 in file ADuCM360StartUp.s
   Uses
      At line 131 in file ADuCM360StartUp.s
Comment: Image$$RW_IRAM1$$ZI$$Base used once
Image$$RW_IRAM1$$ZI$$Length 00000000

Symbol: Image$$RW_IRAM1$$ZI$$Length
   Definitions
      At line 32 in file ADuCM360StartUp.s
   Uses
      At line 133 in file ADuCM360StartUp.s
Comment: Image$$RW_IRAM1$$ZI$$Length used once
Load$$RW_IRAM1$$Base 00000000

Symbol: Load$$RW_IRAM1$$Base
   Definitions
      At line 26 in file ADuCM360StartUp.s
   Uses
      At line 119 in file ADuCM360StartUp.s
Comment: Load$$RW_IRAM1$$Base used once
__main 00000000

Symbol: __main
   Definitions
      At line 109 in file ADuCM360StartUp.s
   Uses
      At line 113 in file ADuCM360StartUp.s
Comment: __main used once
__use_two_region_memory 00000000

Symbol: __use_two_region_memory
   Definitions
      At line 299 in file ADuCM360StartUp.s
   Uses
      None
Comment: __use_two_region_memory unused
7 symbols
407 symbols in table
